{
  errors: {
    role: ValidatorError: Path `role` is required.
        at validate (D:\developer\university-management-auth-service\node_modules\mongoose\lib\schematype.js:1349:13)
        at SchemaString.SchemaType.doValidate (D:\developer\university-management-auth-service\node_modules\mongoose\lib\schematype.js:1333:7)
        at D:\developer\university-management-auth-service\node_modules\mongoose\lib\document.js:2932:18
        at processTicksAndRejections (node:internal/process/task_queues:77:11) {
      properties: {
        validator: [Function (anonymous)],
        message: 'Path `role` is required.',
        type: 'required',
        path: 'role',
        value: undefined
      },
      kind: 'required',
      path: 'role',
      value: undefined,
      reason: undefined,
      [Symbol(mongoose:validatorError)]: true
    },
    password: ValidatorError: Path `password` is required.
        at validate (D:\developer\university-management-auth-service\node_modules\mongoose\lib\schematype.js:1349:13)
        at SchemaString.SchemaType.doValidate (D:\developer\university-management-auth-service\node_modules\mongoose\lib\schematype.js:1333:7)
        at D:\developer\university-management-auth-service\node_modules\mongoose\lib\document.js:2932:18
        at processTicksAndRejections (node:internal/process/task_queues:77:11) {
      properties: {
        validator: [Function (anonymous)],
        message: 'Path `password` is required.',
        type: 'required',
        path: 'password',
        value: undefined
      },
      kind: 'required',
      path: 'password',
      value: undefined,
      reason: undefined,
      [Symbol(mongoose:validatorError)]: true
    }
  },
  _message: 'User validation failed',
  level: 'error',
  message: 'globalErrorHandler ~ User validation failed: role: Path `role` is required., password: Path `password` is required.',
  stack: 'ValidationError: User validation failed: role: Path `role` is required., password: Path `password` is required.\n' +
    '    at model.Document.invalidate (D:\\developer\\university-management-auth-service\\node_modules\\mongoose\\lib\\document.js:3147:32)\n' +
    '    at D:\\developer\\university-management-auth-service\\node_modules\\mongoose\\lib\\document.js:2940:17\n' +
    '    at D:\\developer\\university-management-auth-service\\node_modules\\mongoose\\lib\\schematype.js:1352:9\n' +
    '    at processTicksAndRejections (node:internal/process/task_queues:77:11)',
  label: 'right meow!',
  timestamp: '2023-06-08T07:25:33.024Z'
}
{
  issues: [
    {
      code: 'invalid_type',
      expected: 'string',
      received: 'undefined',
      path: [ 'body', 'role' ],
      message: 'role is required'
    }
  ],
  addIssue: [Function (anonymous)],
  addIssues: [Function (anonymous)],
  name: 'ZodError',
  level: 'error',
  message: 'globalErrorHandler ~ [\n' +
    '  {\n' +
    '    "code": "invalid_type",\n' +
    '    "expected": "string",\n' +
    '    "received": "undefined",\n' +
    '    "path": [\n' +
    '      "body",\n' +
    '      "role"\n' +
    '    ],\n' +
    '    "message": "role is required"\n' +
    '  }\n' +
    ']',
  stack: 'ZodError: [\n' +
    '  {\n' +
    '    "code": "invalid_type",\n' +
    '    "expected": "string",\n' +
    '    "received": "undefined",\n' +
    '    "path": [\n' +
    '      "body",\n' +
    '      "role"\n' +
    '    ],\n' +
    '    "message": "role is required"\n' +
    '  }\n' +
    ']\n' +
    '    at Object.get error [as error] (D:\\developer\\university-management-auth-service\\node_modules\\zod\\lib\\types.js:43:31)\n' +
    '    at ZodObject.parseAsync (D:\\developer\\university-management-auth-service\\node_modules\\zod\\lib\\types.js:164:22)\n' +
    '    at processTicksAndRejections (node:internal/process/task_queues:95:5)',
  label: 'right meow!',
  timestamp: '2023-06-08T07:56:43.682Z'
}
