{
  errno: undefined,
  code: 'ECONNREFUSED',
  syscall: 'querySrv',
  hostname: '_mongodb._tcp.cluster0.hvxqvqc.mongodb.net',
  level: 'error',
  message: 'failed to connect querySrv ECONNREFUSED _mongodb._tcp.cluster0.hvxqvqc.mongodb.net',
  stack: 'Error: querySrv ECONNREFUSED _mongodb._tcp.cluster0.hvxqvqc.mongodb.net\n' +
    '    at QueryReqWrap.onresolve [as oncomplete] (node:internal/dns/promises:251:17)',
  label: 'error the server connection!',
  timestamp: '2023-06-22T09:45:34.888Z'
}
{
  errno: undefined,
  code: 'ECONNREFUSED',
  syscall: 'querySrv',
  hostname: '_mongodb._tcp.cluster0.hvxqvqc.mongodb.net',
  level: 'error',
  message: 'failed to connect querySrv ECONNREFUSED _mongodb._tcp.cluster0.hvxqvqc.mongodb.net',
  stack: 'Error: querySrv ECONNREFUSED _mongodb._tcp.cluster0.hvxqvqc.mongodb.net\n' +
    '    at QueryReqWrap.onresolve [as oncomplete] (node:internal/dns/promises:251:17)',
  label: 'error the server connection!',
  timestamp: '2023-06-22T09:46:07.500Z'
}
