{
  stringValue: '"create-semester"',
  messageFormat: undefined,
  kind: 'ObjectId',
  value: 'create-semester',
  path: '_id',
  reason: BSONError: Argument passed in must be a string of 12 bytes or a string of 24 hex characters or an integer
      at new ObjectId (D:\developer\university-management-auth-service\node_modules\bson\src\objectid.ts:88:15)
      at castObjectId (D:\developer\university-management-auth-service\node_modules\mongoose\lib\cast\objectid.js:25:12)
      at ObjectId.cast (D:\developer\university-management-auth-service\node_modules\mongoose\lib\schema\objectid.js:246:12)
      at ObjectId.SchemaType.applySetters (D:\developer\university-management-auth-service\node_modules\mongoose\lib\schematype.js:1204:12)
      at ObjectId.SchemaType.castForQuery (D:\developer\university-management-auth-service\node_modules\mongoose\lib\schematype.js:1616:15)
      at cast (D:\developer\university-management-auth-service\node_modules\mongoose\lib\cast.js:348:32)
      at model.Query.Query.cast (D:\developer\university-management-auth-service\node_modules\mongoose\lib\query.js:4874:12)
      at model.Query.Query._castConditions (D:\developer\university-management-auth-service\node_modules\mongoose\lib\query.js:2210:10)
      at model.Query._findOne (D:\developer\university-management-auth-service\node_modules\mongoose\lib\query.js:2497:8)
      at model.Query.exec (D:\developer\university-management-auth-service\node_modules\mongoose\lib\query.js:4404:28),
  valueType: 'string',
  model: Model { AcademicSemester },
  level: 'error',
  label: 'error the server connection!',
  timestamp: '2023-07-05T06:21:00.804Z'
}
