{
  level: 'error',
  label: 'right meow!',
  timestamp: '2023-06-07T06:23:39.459Z'
}
{
  level: 'error',
  label: 'right meow!',
  timestamp: '2023-06-07T06:24:59.851Z'
}
{
  level: 'error',
  label: 'right meow!',
  timestamp: '2023-06-07T06:25:27.539Z'
}
{
  level: 'error',
  label: 'right meow!',
  timestamp: '2023-06-07T06:26:38.826Z'
}
{
  level: 'error',
  label: 'right meow!',
  timestamp: '2023-06-07T06:28:45.024Z'
}
{
  level: 'error',
  label: 'right meow!',
  timestamp: '2023-06-07T06:31:17.466Z'
}
