{
  errno: undefined,
  code: 'ECONNREFUSED',
  syscall: 'querySrv',
  hostname: '_mongodb._tcp.cluster0.hvxqvqc.mongodb.net',
  level: 'error',
  message: 'failed to connect querySrv ECONNREFUSED _mongodb._tcp.cluster0.hvxqvqc.mongodb.net',
  stack: 'Error: querySrv ECONNREFUSED _mongodb._tcp.cluster0.hvxqvqc.mongodb.net\n' +
    '    at QueryReqWrap.onresolve [as oncomplete] (node:internal/dns/promises:251:17)',
  label: 'error the server connection!',
  timestamp: '2023-07-03T04:13:42.070Z'
}
{
  errno: undefined,
  code: 'ECONNREFUSED',
  syscall: 'querySrv',
  hostname: '_mongodb._tcp.cluster0.hvxqvqc.mongodb.net',
  level: 'error',
  message: 'failed to connect querySrv ECONNREFUSED _mongodb._tcp.cluster0.hvxqvqc.mongodb.net',
  stack: 'Error: querySrv ECONNREFUSED _mongodb._tcp.cluster0.hvxqvqc.mongodb.net\n' +
    '    at QueryReqWrap.onresolve [as oncomplete] (node:internal/dns/promises:251:17)',
  label: 'error the server connection!',
  timestamp: '2023-07-03T04:13:51.739Z'
}
{
  errno: undefined,
  code: 'ECONNREFUSED',
  syscall: 'querySrv',
  hostname: '_mongodb._tcp.cluster0.hvxqvqc.mongodb.net',
  level: 'error',
  message: 'failed to connect querySrv ECONNREFUSED _mongodb._tcp.cluster0.hvxqvqc.mongodb.net',
  stack: 'Error: querySrv ECONNREFUSED _mongodb._tcp.cluster0.hvxqvqc.mongodb.net\n' +
    '    at QueryReqWrap.onresolve [as oncomplete] (node:internal/dns/promises:251:17)',
  label: 'error the server connection!',
  timestamp: '2023-07-03T04:14:55.802Z'
}
