{
  errno: undefined,
  code: 'ECONNREFUSED',
  syscall: 'querySrv',
  hostname: '_mongodb._tcp.cluster0.hvxqvqc.mongodb.net',
  level: 'error',
  message: 'failed to connect querySrv ECONNREFUSED _mongodb._tcp.cluster0.hvxqvqc.mongodb.net',
  stack: 'Error: querySrv ECONNREFUSED _mongodb._tcp.cluster0.hvxqvqc.mongodb.net\n' +
    '    at QueryReqWrap.onresolve [as oncomplete] (node:internal/dns/promises:251:17)',
  label: 'error the server connection!',
  timestamp: '2023-06-15T04:34:18.387Z'
}
{
  errno: undefined,
  code: 'ECONNREFUSED',
  syscall: 'querySrv',
  hostname: '_mongodb._tcp.cluster0.hvxqvqc.mongodb.net',
  level: 'error',
  message: 'failed to connect querySrv ECONNREFUSED _mongodb._tcp.cluster0.hvxqvqc.mongodb.net',
  stack: 'Error: querySrv ECONNREFUSED _mongodb._tcp.cluster0.hvxqvqc.mongodb.net\n' +
    '    at QueryReqWrap.onresolve [as oncomplete] (node:internal/dns/promises:251:17)',
  label: 'error the server connection!',
  timestamp: '2023-06-15T04:36:26.454Z'
}
{
  errno: undefined,
  code: 'ETIMEOUT',
  syscall: 'querySrv',
  hostname: '_mongodb._tcp.cluster0.hvxqvqc.mongodb.net',
  level: 'error',
  message: 'failed to connect querySrv ETIMEOUT _mongodb._tcp.cluster0.hvxqvqc.mongodb.net',
  stack: 'Error: querySrv ETIMEOUT _mongodb._tcp.cluster0.hvxqvqc.mongodb.net\n' +
    '    at QueryReqWrap.onresolve [as oncomplete] (node:internal/dns/promises:251:17)',
  label: 'error the server connection!',
  timestamp: '2023-06-15T04:38:09.345Z'
}
