{
  errno: undefined,
  code: 'ECONNREFUSED',
  syscall: 'querySrv',
  hostname: '_mongodb._tcp.cluster0.hvxqvqc.mongodb.net',
  level: 'error',
  message: 'failed to connect querySrv ECONNREFUSED _mongodb._tcp.cluster0.hvxqvqc.mongodb.net',
  stack: 'Error: querySrv ECONNREFUSED _mongodb._tcp.cluster0.hvxqvqc.mongodb.net\n' +
    '    at QueryReqWrap.onresolve [as oncomplete] (node:internal/dns/promises:251:17)',
  label: 'error the server connection!',
  timestamp: '2023-07-05T05:01:08.514Z'
}
{
  errno: undefined,
  code: 'ECONNREFUSED',
  syscall: 'querySrv',
  hostname: '_mongodb._tcp.cluster0.hvxqvqc.mongodb.net',
  level: 'error',
  message: 'failed to connect querySrv ECONNREFUSED _mongodb._tcp.cluster0.hvxqvqc.mongodb.net',
  stack: 'Error: querySrv ECONNREFUSED _mongodb._tcp.cluster0.hvxqvqc.mongodb.net\n' +
    '    at QueryReqWrap.onresolve [as oncomplete] (node:internal/dns/promises:251:17)',
  label: 'error the server connection!',
  timestamp: '2023-07-05T05:02:27.957Z'
}
{
  errno: undefined,
  code: 'ECONNREFUSED',
  syscall: 'querySrv',
  hostname: '_mongodb._tcp.cluster0.hvxqvqc.mongodb.net',
  level: 'error',
  message: 'failed to connect querySrv ECONNREFUSED _mongodb._tcp.cluster0.hvxqvqc.mongodb.net',
  stack: 'Error: querySrv ECONNREFUSED _mongodb._tcp.cluster0.hvxqvqc.mongodb.net\n' +
    '    at QueryReqWrap.onresolve [as oncomplete] (node:internal/dns/promises:251:17)',
  label: 'error the server connection!',
  timestamp: '2023-07-05T05:02:32.369Z'
}
{
  errno: undefined,
  code: 'ECONNREFUSED',
  syscall: 'querySrv',
  hostname: '_mongodb._tcp.cluster0.hvxqvqc.mongodb.net',
  level: 'error',
  message: 'failed to connect querySrv ECONNREFUSED _mongodb._tcp.cluster0.hvxqvqc.mongodb.net',
  stack: 'Error: querySrv ECONNREFUSED _mongodb._tcp.cluster0.hvxqvqc.mongodb.net\n' +
    '    at QueryReqWrap.onresolve [as oncomplete] (node:internal/dns/promises:251:17)',
  label: 'error the server connection!',
  timestamp: '2023-07-05T05:04:19.387Z'
}
{
  level: 'error',
  label: 'error the server connection!',
  timestamp: '2023-07-05T05:28:05.638Z'
}
