{
  message: 'database connection established',
  level: 'info',
  label: 'success the connection',
  timestamp: '2023-07-05T03:02:42.184Z'
}
{
  message: 'application listening on port 5000',
  level: 'info',
  label: 'success the connection',
  timestamp: '2023-07-05T03:02:42.201Z'
}
{
  message: 'database connection established',
  level: 'info',
  label: 'success the connection',
  timestamp: '2023-07-05T03:04:44.432Z'
}
{
  message: 'application listening on port 5000',
  level: 'info',
  label: 'success the connection',
  timestamp: '2023-07-05T03:04:44.456Z'
}
{
  message: 'database connection established',
  level: 'info',
  label: 'success the connection',
  timestamp: '2023-07-05T03:06:24.696Z'
}
{
  message: 'application listening on port 5000',
  level: 'info',
  label: 'success the connection',
  timestamp: '2023-07-05T03:06:24.722Z'
}
{
  message: 'database connection established',
  level: 'info',
  label: 'success the connection',
  timestamp: '2023-07-05T03:09:16.722Z'
}
{
  message: 'application listening on port 5000',
  level: 'info',
  label: 'success the connection',
  timestamp: '2023-07-05T03:09:16.749Z'
}
{
  message: 'database connection established',
  level: 'info',
  label: 'success the connection',
  timestamp: '2023-07-05T03:10:12.645Z'
}
{
  message: 'application listening on port 5000',
  level: 'info',
  label: 'success the connection',
  timestamp: '2023-07-05T03:10:12.675Z'
}
{
  message: 'database connection established',
  level: 'info',
  label: 'success the connection',
  timestamp: '2023-07-05T03:11:26.684Z'
}
{
  message: 'application listening on port 5000',
  level: 'info',
  label: 'success the connection',
  timestamp: '2023-07-05T03:11:26.711Z'
}
{
  message: 'database connection established',
  level: 'info',
  label: 'success the connection',
  timestamp: '2023-07-05T03:11:33.337Z'
}
{
  message: 'application listening on port 5000',
  level: 'info',
  label: 'success the connection',
  timestamp: '2023-07-05T03:11:33.361Z'
}
{
  message: 'database connection established',
  level: 'info',
  label: 'success the connection',
  timestamp: '2023-07-05T03:12:07.028Z'
}
{
  message: 'application listening on port 5000',
  level: 'info',
  label: 'success the connection',
  timestamp: '2023-07-05T03:12:07.055Z'
}
{
  message: 'database connection established',
  level: 'info',
  label: 'success the connection',
  timestamp: '2023-07-05T03:16:20.871Z'
}
{
  message: 'application listening on port 5000',
  level: 'info',
  label: 'success the connection',
  timestamp: '2023-07-05T03:16:20.925Z'
}
{
  message: 'database connection established',
  level: 'info',
  label: 'success the connection',
  timestamp: '2023-07-05T03:16:35.518Z'
}
{
  message: 'application listening on port 5000',
  level: 'info',
  label: 'success the connection',
  timestamp: '2023-07-05T03:16:35.539Z'
}
{
  message: 'database connection established',
  level: 'info',
  label: 'success the connection',
  timestamp: '2023-07-05T03:17:46.153Z'
}
{
  message: 'application listening on port 5000',
  level: 'info',
  label: 'success the connection',
  timestamp: '2023-07-05T03:17:46.191Z'
}
{
  message: 'database connection established',
  level: 'info',
  label: 'success the connection',
  timestamp: '2023-07-05T03:24:55.212Z'
}
{
  message: 'application listening on port 5000',
  level: 'info',
  label: 'success the connection',
  timestamp: '2023-07-05T03:24:55.243Z'
}
{
  message: 'database connection established',
  level: 'info',
  label: 'success the connection',
  timestamp: '2023-07-05T03:25:25.732Z'
}
{
  message: 'application listening on port 5000',
  level: 'info',
  label: 'success the connection',
  timestamp: '2023-07-05T03:25:25.759Z'
}
{
  message: 'database connection established',
  level: 'info',
  label: 'success the connection',
  timestamp: '2023-07-05T03:25:36.968Z'
}
{
  message: 'application listening on port 5000',
  level: 'info',
  label: 'success the connection',
  timestamp: '2023-07-05T03:25:36.997Z'
}
{
  message: 'database connection established',
  level: 'info',
  label: 'success the connection',
  timestamp: '2023-07-05T03:44:18.455Z'
}
{
  message: 'application listening on port 5000',
  level: 'info',
  label: 'success the connection',
  timestamp: '2023-07-05T03:44:18.483Z'
}
{
  message: 'database connection established',
  level: 'info',
  label: 'success the connection',
  timestamp: '2023-07-05T03:55:10.419Z'
}
{
  message: 'application listening on port 5000',
  level: 'info',
  label: 'success the connection',
  timestamp: '2023-07-05T03:55:10.446Z'
}
