{
  message: 'database connection established',
  level: 'info',
  label: 'success the connection',
  timestamp: '2023-07-05T15:43:11.300Z'
}
{
  message: 'application listening on port 5000',
  level: 'info',
  label: 'success the connection',
  timestamp: '2023-07-05T15:43:11.320Z'
}
{
  message: 'database connection established',
  level: 'info',
  label: 'success the connection',
  timestamp: '2023-07-05T15:46:58.105Z'
}
{
  message: 'application listening on port 5000',
  level: 'info',
  label: 'success the connection',
  timestamp: '2023-07-05T15:46:58.136Z'
}
