{
  message: 'database connection established',
  level: 'info',
  label: 'success the connection',
  timestamp: '2023-07-05T04:08:52.282Z'
}
{
  message: 'application listening on port 5000',
  level: 'info',
  label: 'success the connection',
  timestamp: '2023-07-05T04:08:52.317Z'
}
{
  message: 'database connection established',
  level: 'info',
  label: 'success the connection',
  timestamp: '2023-07-05T04:10:02.091Z'
}
{
  message: 'application listening on port 5000',
  level: 'info',
  label: 'success the connection',
  timestamp: '2023-07-05T04:10:02.143Z'
}
{
  message: 'database connection established',
  level: 'info',
  label: 'success the connection',
  timestamp: '2023-07-05T04:20:56.728Z'
}
{
  message: 'application listening on port 5000',
  level: 'info',
  label: 'success the connection',
  timestamp: '2023-07-05T04:20:56.754Z'
}
{
  message: 'database connection established',
  level: 'info',
  label: 'success the connection',
  timestamp: '2023-07-05T04:46:47.616Z'
}
{
  message: 'application listening on port 5000',
  level: 'info',
  label: 'success the connection',
  timestamp: '2023-07-05T04:46:47.647Z'
}
{
  message: 'database connection established',
  level: 'info',
  label: 'success the connection',
  timestamp: '2023-07-05T04:47:38.262Z'
}
{
  message: 'application listening on port 5000',
  level: 'info',
  label: 'success the connection',
  timestamp: '2023-07-05T04:47:38.287Z'
}
{
  message: 'database connection established',
  level: 'info',
  label: 'success the connection',
  timestamp: '2023-07-05T04:53:57.415Z'
}
{
  message: 'application listening on port 5000',
  level: 'info',
  label: 'success the connection',
  timestamp: '2023-07-05T04:53:57.480Z'
}
