{
  message: 'database connection established',
  level: 'info',
  label: 'success the connection',
  timestamp: '2023-06-22T05:03:24.848Z'
}
{
  message: 'application listening on port 5000',
  level: 'info',
  label: 'success the connection',
  timestamp: '2023-06-22T05:03:24.863Z'
}
{
  message: 'database connection established',
  level: 'info',
  label: 'success the connection',
  timestamp: '2023-06-22T05:04:10.202Z'
}
{
  message: 'application listening on port 5000',
  level: 'info',
  label: 'success the connection',
  timestamp: '2023-06-22T05:04:10.222Z'
}
{
  message: 'database connection established',
  level: 'info',
  label: 'success the connection',
  timestamp: '2023-06-22T05:05:41.277Z'
}
{
  message: 'application listening on port 5000',
  level: 'info',
  label: 'success the connection',
  timestamp: '2023-06-22T05:05:41.297Z'
}
{
  message: 'database connection established',
  level: 'info',
  label: 'success the connection',
  timestamp: '2023-06-22T05:08:04.166Z'
}
{
  message: 'application listening on port 5000',
  level: 'info',
  label: 'success the connection',
  timestamp: '2023-06-22T05:08:04.184Z'
}
{
  message: 'database connection established',
  level: 'info',
  label: 'success the connection',
  timestamp: '2023-06-22T05:08:26.943Z'
}
{
  message: 'application listening on port 5000',
  level: 'info',
  label: 'success the connection',
  timestamp: '2023-06-22T05:08:26.957Z'
}
{
  message: 'database connection established',
  level: 'info',
  label: 'success the connection',
  timestamp: '2023-06-22T05:08:35.704Z'
}
{
  message: 'application listening on port 5000',
  level: 'info',
  label: 'success the connection',
  timestamp: '2023-06-22T05:08:35.722Z'
}
{
  message: 'database connection established',
  level: 'info',
  label: 'success the connection',
  timestamp: '2023-06-22T05:10:15.066Z'
}
{
  message: 'application listening on port 5000',
  level: 'info',
  label: 'success the connection',
  timestamp: '2023-06-22T05:10:15.085Z'
}
{
  message: 'database connection established',
  level: 'info',
  label: 'success the connection',
  timestamp: '2023-06-22T05:11:24.064Z'
}
{
  message: 'application listening on port 5000',
  level: 'info',
  label: 'success the connection',
  timestamp: '2023-06-22T05:11:24.081Z'
}
{
  message: 'database connection established',
  level: 'info',
  label: 'success the connection',
  timestamp: '2023-06-22T05:12:30.030Z'
}
{
  message: 'application listening on port 5000',
  level: 'info',
  label: 'success the connection',
  timestamp: '2023-06-22T05:12:30.044Z'
}
{
  message: 'database connection established',
  level: 'info',
  label: 'success the connection',
  timestamp: '2023-06-22T05:15:09.683Z'
}
{
  message: 'application listening on port 5000',
  level: 'info',
  label: 'success the connection',
  timestamp: '2023-06-22T05:15:09.697Z'
}
{
  message: 'database connection established',
  level: 'info',
  label: 'success the connection',
  timestamp: '2023-06-22T05:15:44.119Z'
}
{
  message: 'application listening on port 5000',
  level: 'info',
  label: 'success the connection',
  timestamp: '2023-06-22T05:15:44.139Z'
}
{
  message: 'database connection established',
  level: 'info',
  label: 'success the connection',
  timestamp: '2023-06-22T05:21:43.712Z'
}
{
  message: 'application listening on port 5000',
  level: 'info',
  label: 'success the connection',
  timestamp: '2023-06-22T05:21:43.729Z'
}
{
  message: 'database connection established',
  level: 'info',
  label: 'success the connection',
  timestamp: '2023-06-22T05:25:20.583Z'
}
{
  message: 'application listening on port 5000',
  level: 'info',
  label: 'success the connection',
  timestamp: '2023-06-22T05:25:20.598Z'
}
{
  message: 'database connection established',
  level: 'info',
  label: 'success the connection',
  timestamp: '2023-06-22T05:25:53.934Z'
}
{
  message: 'application listening on port 5000',
  level: 'info',
  label: 'success the connection',
  timestamp: '2023-06-22T05:25:53.948Z'
}
{
  message: 'database connection established',
  level: 'info',
  label: 'success the connection',
  timestamp: '2023-06-22T05:26:33.987Z'
}
{
  message: 'application listening on port 5000',
  level: 'info',
  label: 'success the connection',
  timestamp: '2023-06-22T05:26:34.002Z'
}
{
  message: 'database connection established',
  level: 'info',
  label: 'success the connection',
  timestamp: '2023-06-22T05:26:47.303Z'
}
{
  message: 'application listening on port 5000',
  level: 'info',
  label: 'success the connection',
  timestamp: '2023-06-22T05:26:47.321Z'
}
{
  message: 'database connection established',
  level: 'info',
  label: 'success the connection',
  timestamp: '2023-06-22T05:36:10.079Z'
}
{
  message: 'application listening on port 5000',
  level: 'info',
  label: 'success the connection',
  timestamp: '2023-06-22T05:36:10.091Z'
}
{
  message: 'database connection established',
  level: 'info',
  label: 'success the connection',
  timestamp: '2023-06-22T05:38:45.189Z'
}
{
  message: 'application listening on port 5000',
  level: 'info',
  label: 'success the connection',
  timestamp: '2023-06-22T05:38:45.209Z'
}
{
  message: 'database connection established',
  level: 'info',
  label: 'success the connection',
  timestamp: '2023-06-22T05:44:07.283Z'
}
{
  message: 'application listening on port 5000',
  level: 'info',
  label: 'success the connection',
  timestamp: '2023-06-22T05:44:07.313Z'
}
{
  message: 'database connection established',
  level: 'info',
  label: 'success the connection',
  timestamp: '2023-06-22T05:49:52.228Z'
}
{
  message: 'application listening on port 5000',
  level: 'info',
  label: 'success the connection',
  timestamp: '2023-06-22T05:49:52.257Z'
}
