{
  message: 'database connection established',
  level: 'info',
  label: 'right meow!',
  timestamp: '2023-06-08T07:18:09.534Z'
}
{
  message: 'application listening on port 5000',
  level: 'info',
  label: 'right meow!',
  timestamp: '2023-06-08T07:18:09.557Z'
}
{
  message: 'database connection established',
  level: 'info',
  label: 'right meow!',
  timestamp: '2023-06-08T07:19:09.802Z'
}
{
  message: 'application listening on port 5000',
  level: 'info',
  label: 'right meow!',
  timestamp: '2023-06-08T07:19:09.832Z'
}
{
  message: 'database connection established',
  level: 'info',
  label: 'right meow!',
  timestamp: '2023-06-08T07:24:33.380Z'
}
{
  message: 'application listening on port 5000',
  level: 'info',
  label: 'right meow!',
  timestamp: '2023-06-08T07:24:33.407Z'
}
{
  message: 'database connection established',
  level: 'info',
  label: 'right meow!',
  timestamp: '2023-06-08T07:25:00.208Z'
}
{
  message: 'application listening on port 5000',
  level: 'info',
  label: 'right meow!',
  timestamp: '2023-06-08T07:25:00.242Z'
}
{
  message: 'database connection established',
  level: 'info',
  label: 'right meow!',
  timestamp: '2023-06-08T07:25:29.703Z'
}
{
  message: 'application listening on port 5000',
  level: 'info',
  label: 'right meow!',
  timestamp: '2023-06-08T07:25:29.729Z'
}
{
  message: 'database connection established',
  level: 'info',
  label: 'right meow!',
  timestamp: '2023-06-08T07:27:35.341Z'
}
{
  message: 'application listening on port 5000',
  level: 'info',
  label: 'right meow!',
  timestamp: '2023-06-08T07:27:35.367Z'
}
{
  message: 'database connection established',
  level: 'info',
  label: 'right meow!',
  timestamp: '2023-06-08T07:56:12.356Z'
}
{
  message: 'application listening on port 5000',
  level: 'info',
  label: 'right meow!',
  timestamp: '2023-06-08T07:56:12.397Z'
}
{
  message: 'database connection established',
  level: 'info',
  label: 'Success the database connection!',
  timestamp: '2023-06-08T07:59:29.452Z'
}
{
  message: 'application listening on port 5000',
  level: 'info',
  label: 'Success the database connection!',
  timestamp: '2023-06-08T07:59:29.466Z'
}
{
  message: 'database connection established',
  level: 'info',
  label: 'Success the database connection!',
  timestamp: '2023-06-08T07:59:47.664Z'
}
{
  message: 'application listening on port 5000',
  level: 'info',
  label: 'Success the database connection!',
  timestamp: '2023-06-08T07:59:47.684Z'
}
