{
  message: 'database connection established',
  level: 'info',
  label: 'success the connection',
  timestamp: '2023-07-03T04:10:20.518Z'
}
{
  message: 'application listening on port 5000',
  level: 'info',
  label: 'success the connection',
  timestamp: '2023-07-03T04:10:20.552Z'
}
{
  message: 'database connection established',
  level: 'info',
  label: 'success the connection',
  timestamp: '2023-07-03T04:11:18.783Z'
}
{
  message: 'application listening on port 5000',
  level: 'info',
  label: 'success the connection',
  timestamp: '2023-07-03T04:11:18.823Z'
}
{
  message: 'database connection established',
  level: 'info',
  label: 'success the connection',
  timestamp: '2023-07-03T04:29:57.357Z'
}
{
  message: 'application listening on port 5000',
  level: 'info',
  label: 'success the connection',
  timestamp: '2023-07-03T04:29:57.386Z'
}
