{
  message: 'database connection established',
  level: 'info',
  label: 'success the connection',
  timestamp: '2023-07-03T03:10:32.486Z'
}
{
  message: 'application listening on port 5000',
  level: 'info',
  label: 'success the connection',
  timestamp: '2023-07-03T03:10:32.509Z'
}
{
  message: 'database connection established',
  level: 'info',
  label: 'success the connection',
  timestamp: '2023-07-03T03:11:11.601Z'
}
{
  message: 'application listening on port 5000',
  level: 'info',
  label: 'success the connection',
  timestamp: '2023-07-03T03:11:11.626Z'
}
{
  message: 'database connection established',
  level: 'info',
  label: 'success the connection',
  timestamp: '2023-07-03T03:11:51.408Z'
}
{
  message: 'application listening on port 5000',
  level: 'info',
  label: 'success the connection',
  timestamp: '2023-07-03T03:11:51.446Z'
}
{
  message: 'database connection established',
  level: 'info',
  label: 'success the connection',
  timestamp: '2023-07-03T03:13:45.811Z'
}
{
  message: 'application listening on port 5000',
  level: 'info',
  label: 'success the connection',
  timestamp: '2023-07-03T03:13:45.872Z'
}
