{
  message: 'database connection established',
  level: 'info',
  label: 'success the connection',
  timestamp: '2023-06-26T03:26:22.531Z'
}
{
  message: 'application listening on port 5000',
  level: 'info',
  label: 'success the connection',
  timestamp: '2023-06-26T03:26:22.559Z'
}
{
  message: 'database connection established',
  level: 'info',
  label: 'success the connection',
  timestamp: '2023-06-26T03:27:37.954Z'
}
{
  message: 'application listening on port 5000',
  level: 'info',
  label: 'success the connection',
  timestamp: '2023-06-26T03:27:37.970Z'
}
{
  message: 'database connection established',
  level: 'info',
  label: 'success the connection',
  timestamp: '2023-06-26T03:28:05.849Z'
}
{
  message: 'application listening on port 5000',
  level: 'info',
  label: 'success the connection',
  timestamp: '2023-06-26T03:28:05.873Z'
}
