{
  message: 'database connection established',
  level: 'info',
  label: 'right meow!',
  timestamp: '2023-06-04T14:02:36.255Z'
}
{
  message: 'application listening on port 5000',
  level: 'info',
  label: 'right meow!',
  timestamp: '2023-06-04T14:02:36.297Z'
}
{
  message: 'database connection established',
  level: 'info',
  label: 'right meow!',
  timestamp: '2023-06-04T14:16:48.298Z'
}
{
  message: 'application listening on port 5000',
  level: 'info',
  label: 'right meow!',
  timestamp: '2023-06-04T14:16:48.331Z'
}
{
  message: 'database connection established',
  level: 'info',
  label: 'right meow!',
  timestamp: '2023-06-04T14:24:15.997Z'
}
{
  message: 'application listening on port 5000',
  level: 'info',
  label: 'right meow!',
  timestamp: '2023-06-04T14:24:16.046Z'
}
{
  message: 'database connection established',
  level: 'info',
  label: 'right meow!',
  timestamp: '2023-06-04T14:24:44.361Z'
}
{
  message: 'application listening on port 5000',
  level: 'info',
  label: 'right meow!',
  timestamp: '2023-06-04T14:24:44.405Z'
}
{
  message: 'database connection established',
  level: 'info',
  label: 'right meow!',
  timestamp: '2023-06-04T14:27:53.175Z'
}
{
  message: 'application listening on port 5000',
  level: 'info',
  label: 'right meow!',
  timestamp: '2023-06-04T14:27:53.207Z'
}
{
  message: 'database connection established',
  level: 'info',
  label: 'right meow!',
  timestamp: '2023-06-04T14:28:00.772Z'
}
{
  message: 'application listening on port 5000',
  level: 'info',
  label: 'right meow!',
  timestamp: '2023-06-04T14:28:00.808Z'
}
{
  message: 'database connection established',
  level: 'info',
  label: 'right meow!',
  timestamp: '2023-06-04T14:36:55.232Z'
}
{
  message: 'application listening on port 5000',
  level: 'info',
  label: 'right meow!',
  timestamp: '2023-06-04T14:36:55.256Z'
}
{
  message: 'database connection established',
  level: 'info',
  label: 'right meow!',
  timestamp: '2023-06-04T14:38:00.612Z'
}
{
  message: 'application listening on port 5000',
  level: 'info',
  label: 'right meow!',
  timestamp: '2023-06-04T14:38:00.666Z'
}
{
  message: 'database connection established',
  level: 'info',
  label: 'right meow!',
  timestamp: '2023-06-04T14:39:58.772Z'
}
{
  message: 'application listening on port 5000',
  level: 'info',
  label: 'right meow!',
  timestamp: '2023-06-04T14:39:58.798Z'
}
{
  message: 'database connection established',
  level: 'info',
  label: 'right meow!',
  timestamp: '2023-06-04T14:40:22.209Z'
}
{
  message: 'application listening on port 5000',
  level: 'info',
  label: 'right meow!',
  timestamp: '2023-06-04T14:40:22.224Z'
}
{
  message: 'database connection established',
  level: 'info',
  label: 'right meow!',
  timestamp: '2023-06-04T14:41:54.381Z'
}
{
  message: 'application listening on port 5000',
  level: 'info',
  label: 'right meow!',
  timestamp: '2023-06-04T14:41:54.435Z'
}
{
  message: 'database connection established',
  level: 'info',
  label: 'right meow!',
  timestamp: '2023-06-04T14:43:44.965Z'
}
{
  message: 'application listening on port 5000',
  level: 'info',
  label: 'right meow!',
  timestamp: '2023-06-04T14:43:44.988Z'
}
