{
  message: 'database connection established',
  level: 'info',
  label: 'right meow!',
  timestamp: '2023-06-06T04:07:31.001Z'
}
{
  message: 'application listening on port 5000',
  level: 'info',
  label: 'right meow!',
  timestamp: '2023-06-06T04:07:31.021Z'
}
{
  message: 'database connection established',
  level: 'info',
  label: 'right meow!',
  timestamp: '2023-06-06T04:15:29.240Z'
}
{
  message: 'application listening on port 5000',
  level: 'info',
  label: 'right meow!',
  timestamp: '2023-06-06T04:15:29.255Z'
}
{
  message: 'database connection established',
  level: 'info',
  label: 'right meow!',
  timestamp: '2023-06-06T04:16:34.186Z'
}
{
  message: 'application listening on port 5000',
  level: 'info',
  label: 'right meow!',
  timestamp: '2023-06-06T04:16:34.202Z'
}
{
  message: 'database connection established',
  level: 'info',
  label: 'right meow!',
  timestamp: '2023-06-06T04:34:10.036Z'
}
{
  message: 'application listening on port 5000',
  level: 'info',
  label: 'right meow!',
  timestamp: '2023-06-06T04:34:10.053Z'
}
{
  message: 'database connection established',
  level: 'info',
  label: 'right meow!',
  timestamp: '2023-06-06T04:34:25.200Z'
}
{
  message: 'application listening on port 5000',
  level: 'info',
  label: 'right meow!',
  timestamp: '2023-06-06T04:34:25.220Z'
}
{
  message: 'database connection established',
  level: 'info',
  label: 'right meow!',
  timestamp: '2023-06-06T04:40:20.946Z'
}
{
  message: 'application listening on port 5000',
  level: 'info',
  label: 'right meow!',
  timestamp: '2023-06-06T04:40:20.958Z'
}
