{
  message: 'database connection established',
  level: 'info',
  label: 'right meow!',
  timestamp: '2023-06-06T06:11:36.376Z'
}
{
  message: 'application listening on port 5000',
  level: 'info',
  label: 'right meow!',
  timestamp: '2023-06-06T06:11:36.394Z'
}
{
  message: 'database connection established',
  level: 'info',
  label: 'right meow!',
  timestamp: '2023-06-06T06:12:15.758Z'
}
{
  message: 'application listening on port 5000',
  level: 'info',
  label: 'right meow!',
  timestamp: '2023-06-06T06:12:15.784Z'
}
{
  message: 'database connection established',
  level: 'info',
  label: 'right meow!',
  timestamp: '2023-06-06T06:13:49.009Z'
}
{
  message: 'application listening on port 5000',
  level: 'info',
  label: 'right meow!',
  timestamp: '2023-06-06T06:13:49.022Z'
}
{
  message: 'database connection established',
  level: 'info',
  label: 'right meow!',
  timestamp: '2023-06-06T06:18:48.015Z'
}
{
  message: 'application listening on port 5000',
  level: 'info',
  label: 'right meow!',
  timestamp: '2023-06-06T06:18:48.028Z'
}
{
  message: 'database connection established',
  level: 'info',
  label: 'right meow!',
  timestamp: '2023-06-06T06:20:44.850Z'
}
{
  message: 'application listening on port 5000',
  level: 'info',
  label: 'right meow!',
  timestamp: '2023-06-06T06:20:44.864Z'
}
{
  message: 'database connection established',
  level: 'info',
  label: 'right meow!',
  timestamp: '2023-06-06T06:25:25.157Z'
}
{
  message: 'application listening on port 5000',
  level: 'info',
  label: 'right meow!',
  timestamp: '2023-06-06T06:25:25.170Z'
}
{
  message: 'database connection established',
  level: 'info',
  label: 'right meow!',
  timestamp: '2023-06-06T06:27:02.116Z'
}
{
  message: 'application listening on port 5000',
  level: 'info',
  label: 'right meow!',
  timestamp: '2023-06-06T06:27:02.136Z'
}
{
  message: 'database connection established',
  level: 'info',
  label: 'right meow!',
  timestamp: '2023-06-06T06:31:06.665Z'
}
{
  message: 'application listening on port 5000',
  level: 'info',
  label: 'right meow!',
  timestamp: '2023-06-06T06:31:06.678Z'
}
{
  message: 'database connection established',
  level: 'info',
  label: 'right meow!',
  timestamp: '2023-06-06T06:31:38.850Z'
}
{
  message: 'application listening on port 5000',
  level: 'info',
  label: 'right meow!',
  timestamp: '2023-06-06T06:31:38.869Z'
}
{
  message: 'database connection established',
  level: 'info',
  label: 'right meow!',
  timestamp: '2023-06-06T06:34:51.343Z'
}
{
  message: 'application listening on port 5000',
  level: 'info',
  label: 'right meow!',
  timestamp: '2023-06-06T06:34:51.515Z'
}
{
  message: 'database connection established',
  level: 'info',
  label: 'right meow!',
  timestamp: '2023-06-06T06:35:58.279Z'
}
{
  message: 'application listening on port 5000',
  level: 'info',
  label: 'right meow!',
  timestamp: '2023-06-06T06:35:58.307Z'
}
{
  message: 'database connection established',
  level: 'info',
  label: 'right meow!',
  timestamp: '2023-06-06T06:36:09.551Z'
}
{
  message: 'application listening on port 5000',
  level: 'info',
  label: 'right meow!',
  timestamp: '2023-06-06T06:36:09.586Z'
}
{
  message: 'database connection established',
  level: 'info',
  label: 'right meow!',
  timestamp: '2023-06-06T06:38:14.613Z'
}
{
  message: 'application listening on port 5000',
  level: 'info',
  label: 'right meow!',
  timestamp: '2023-06-06T06:38:14.634Z'
}
{
  message: 'database connection established',
  level: 'info',
  label: 'right meow!',
  timestamp: '2023-06-06T06:39:20.499Z'
}
{
  message: 'application listening on port 5000',
  level: 'info',
  label: 'right meow!',
  timestamp: '2023-06-06T06:39:20.521Z'
}
{
  message: 'database connection established',
  level: 'info',
  label: 'right meow!',
  timestamp: '2023-06-06T06:39:41.098Z'
}
{
  message: 'application listening on port 5000',
  level: 'info',
  label: 'right meow!',
  timestamp: '2023-06-06T06:39:41.114Z'
}
{
  message: 'database connection established',
  level: 'info',
  label: 'right meow!',
  timestamp: '2023-06-06T06:41:49.688Z'
}
{
  message: 'application listening on port 5000',
  level: 'info',
  label: 'right meow!',
  timestamp: '2023-06-06T06:41:49.704Z'
}
{
  message: 'database connection established',
  level: 'info',
  label: 'right meow!',
  timestamp: '2023-06-06T06:43:13.715Z'
}
{
  message: 'application listening on port 5000',
  level: 'info',
  label: 'right meow!',
  timestamp: '2023-06-06T06:43:13.728Z'
}
{
  message: 'database connection established',
  level: 'info',
  label: 'right meow!',
  timestamp: '2023-06-06T06:45:46.845Z'
}
{
  message: 'application listening on port 5000',
  level: 'info',
  label: 'right meow!',
  timestamp: '2023-06-06T06:45:46.876Z'
}
{
  message: 'database connection established',
  level: 'info',
  label: 'right meow!',
  timestamp: '2023-06-06T06:47:24.827Z'
}
{
  message: 'application listening on port 5000',
  level: 'info',
  label: 'right meow!',
  timestamp: '2023-06-06T06:47:24.844Z'
}
{
  message: 'database connection established',
  level: 'info',
  label: 'right meow!',
  timestamp: '2023-06-06T06:48:44.131Z'
}
{
  message: 'application listening on port 5000',
  level: 'info',
  label: 'right meow!',
  timestamp: '2023-06-06T06:48:44.157Z'
}
{
  message: 'database connection established',
  level: 'info',
  label: 'right meow!',
  timestamp: '2023-06-06T06:49:57.065Z'
}
{
  message: 'application listening on port 5000',
  level: 'info',
  label: 'right meow!',
  timestamp: '2023-06-06T06:49:57.078Z'
}
