{
  message: 'database connection established',
  level: 'info',
  label: 'right meow!',
  timestamp: '2023-06-07T06:01:45.886Z'
}
{
  message: 'application listening on port 5000',
  level: 'info',
  label: 'right meow!',
  timestamp: '2023-06-07T06:01:45.916Z'
}
{
  message: 'database connection established',
  level: 'info',
  label: 'right meow!',
  timestamp: '2023-06-07T06:02:10.572Z'
}
{
  message: 'application listening on port 5000',
  level: 'info',
  label: 'right meow!',
  timestamp: '2023-06-07T06:02:10.608Z'
}
{
  message: 'database connection established',
  level: 'info',
  label: 'right meow!',
  timestamp: '2023-06-07T06:02:47.535Z'
}
{
  message: 'application listening on port 5000',
  level: 'info',
  label: 'right meow!',
  timestamp: '2023-06-07T06:02:47.556Z'
}
{
  message: 'database connection established',
  level: 'info',
  label: 'right meow!',
  timestamp: '2023-06-07T06:03:27.567Z'
}
{
  message: 'application listening on port 5000',
  level: 'info',
  label: 'right meow!',
  timestamp: '2023-06-07T06:03:27.595Z'
}
{
  message: 'database connection established',
  level: 'info',
  label: 'right meow!',
  timestamp: '2023-06-07T06:03:42.841Z'
}
{
  message: 'application listening on port 5000',
  level: 'info',
  label: 'right meow!',
  timestamp: '2023-06-07T06:03:42.862Z'
}
{
  message: 'database connection established',
  level: 'info',
  label: 'right meow!',
  timestamp: '2023-06-07T06:06:06.378Z'
}
{
  message: 'application listening on port 5000',
  level: 'info',
  label: 'right meow!',
  timestamp: '2023-06-07T06:06:06.400Z'
}
{
  message: 'database connection established',
  level: 'info',
  label: 'right meow!',
  timestamp: '2023-06-07T06:06:23.678Z'
}
{
  message: 'application listening on port 5000',
  level: 'info',
  label: 'right meow!',
  timestamp: '2023-06-07T06:06:23.703Z'
}
{
  message: 'database connection established',
  level: 'info',
  label: 'right meow!',
  timestamp: '2023-06-07T06:06:44.266Z'
}
{
  message: 'application listening on port 5000',
  level: 'info',
  label: 'right meow!',
  timestamp: '2023-06-07T06:06:44.288Z'
}
{
  message: 'database connection established',
  level: 'info',
  label: 'right meow!',
  timestamp: '2023-06-07T06:07:07.205Z'
}
{
  message: 'application listening on port 5000',
  level: 'info',
  label: 'right meow!',
  timestamp: '2023-06-07T06:07:07.222Z'
}
{
  message: 'database connection established',
  level: 'info',
  label: 'right meow!',
  timestamp: '2023-06-07T06:08:04.759Z'
}
{
  message: 'application listening on port 5000',
  level: 'info',
  label: 'right meow!',
  timestamp: '2023-06-07T06:08:04.790Z'
}
{
  message: 'database connection established',
  level: 'info',
  label: 'right meow!',
  timestamp: '2023-06-07T06:08:57.378Z'
}
{
  message: 'application listening on port 5000',
  level: 'info',
  label: 'right meow!',
  timestamp: '2023-06-07T06:08:57.411Z'
}
{
  message: 'database connection established',
  level: 'info',
  label: 'right meow!',
  timestamp: '2023-06-07T06:09:33.845Z'
}
{
  message: 'application listening on port 5000',
  level: 'info',
  label: 'right meow!',
  timestamp: '2023-06-07T06:09:33.886Z'
}
{
  message: 'database connection established',
  level: 'info',
  label: 'right meow!',
  timestamp: '2023-06-07T06:09:52.789Z'
}
{
  message: 'application listening on port 5000',
  level: 'info',
  label: 'right meow!',
  timestamp: '2023-06-07T06:09:52.819Z'
}
{
  message: 'database connection established',
  level: 'info',
  label: 'right meow!',
  timestamp: '2023-06-07T06:12:33.441Z'
}
{
  message: 'application listening on port 5000',
  level: 'info',
  label: 'right meow!',
  timestamp: '2023-06-07T06:12:33.455Z'
}
{
  message: 'database connection established',
  level: 'info',
  label: 'right meow!',
  timestamp: '2023-06-07T06:13:02.625Z'
}
{
  message: 'application listening on port 5000',
  level: 'info',
  label: 'right meow!',
  timestamp: '2023-06-07T06:13:02.643Z'
}
{
  message: 'database connection established',
  level: 'info',
  label: 'right meow!',
  timestamp: '2023-06-07T06:20:29.499Z'
}
{
  message: 'application listening on port 5000',
  level: 'info',
  label: 'right meow!',
  timestamp: '2023-06-07T06:20:29.520Z'
}
{
  message: 'database connection established',
  level: 'info',
  label: 'right meow!',
  timestamp: '2023-06-07T06:21:46.699Z'
}
{
  message: 'application listening on port 5000',
  level: 'info',
  label: 'right meow!',
  timestamp: '2023-06-07T06:21:46.719Z'
}
{
  message: 'database connection established',
  level: 'info',
  label: 'right meow!',
  timestamp: '2023-06-07T06:23:24.395Z'
}
{
  message: 'application listening on port 5000',
  level: 'info',
  label: 'right meow!',
  timestamp: '2023-06-07T06:23:24.421Z'
}
{
  message: 'database connection established',
  level: 'info',
  label: 'right meow!',
  timestamp: '2023-06-07T06:24:25.220Z'
}
{
  message: 'application listening on port 5000',
  level: 'info',
  label: 'right meow!',
  timestamp: '2023-06-07T06:24:25.244Z'
}
{
  message: 'database connection established',
  level: 'info',
  label: 'right meow!',
  timestamp: '2023-06-07T06:25:20.196Z'
}
{
  message: 'application listening on port 5000',
  level: 'info',
  label: 'right meow!',
  timestamp: '2023-06-07T06:25:20.209Z'
}
{
  message: 'database connection established',
  level: 'info',
  label: 'right meow!',
  timestamp: '2023-06-07T06:26:28.097Z'
}
{
  message: 'application listening on port 5000',
  level: 'info',
  label: 'right meow!',
  timestamp: '2023-06-07T06:26:28.122Z'
}
