{
  message: 'database connection established',
  level: 'info',
  label: 'right meow!',
  timestamp: '2023-06-06T03:13:36.329Z'
}
{
  message: 'application listening on port 5000',
  level: 'info',
  label: 'right meow!',
  timestamp: '2023-06-06T03:13:36.463Z'
}
{
  message: 'database connection established',
  level: 'info',
  label: 'right meow!',
  timestamp: '2023-06-06T03:14:55.982Z'
}
{
  message: 'application listening on port 5000',
  level: 'info',
  label: 'right meow!',
  timestamp: '2023-06-06T03:14:56.030Z'
}
{
  message: 'database connection established',
  level: 'info',
  label: 'right meow!',
  timestamp: '2023-06-06T03:16:49.316Z'
}
{
  message: 'application listening on port 5000',
  level: 'info',
  label: 'right meow!',
  timestamp: '2023-06-06T03:16:49.329Z'
}
{
  message: 'database connection established',
  level: 'info',
  label: 'right meow!',
  timestamp: '2023-06-06T03:19:13.627Z'
}
{
  message: 'application listening on port 5000',
  level: 'info',
  label: 'right meow!',
  timestamp: '2023-06-06T03:19:13.663Z'
}
{
  message: 'database connection established',
  level: 'info',
  label: 'right meow!',
  timestamp: '2023-06-06T03:20:41.593Z'
}
{
  message: 'application listening on port 5000',
  level: 'info',
  label: 'right meow!',
  timestamp: '2023-06-06T03:20:41.612Z'
}
{
  message: 'database connection established',
  level: 'info',
  label: 'right meow!',
  timestamp: '2023-06-06T03:26:04.318Z'
}
{
  message: 'application listening on port 5000',
  level: 'info',
  label: 'right meow!',
  timestamp: '2023-06-06T03:26:04.337Z'
}
{
  message: 'database connection established',
  level: 'info',
  label: 'right meow!',
  timestamp: '2023-06-06T03:26:43.246Z'
}
{
  message: 'application listening on port 5000',
  level: 'info',
  label: 'right meow!',
  timestamp: '2023-06-06T03:26:43.259Z'
}
